#
# A fatal error has been detected by the Java Runtime Environment:
#
#  Internal Error (signature.cpp:54), pid=34464, tid=0x0000000000008b08
#  fatal error: expecting (
#
# JRE version: Java(TM) SE Runtime Environment (8.0_221-b11) (build 1.8.0_221-b11)
# Java VM: Java HotSpot(TM) 64-Bit Server VM (25.221-b11 mixed mode windows-amd64 compressed oops)
# Failed to write core dump. Minidumps are not enabled by default on client versions of Windows
#
# If you would like to submit a bug report, please visit:
#   http://bugreport.java.com/bugreport/crash.jsp
#

---------------  T H R E A D  ---------------

Current thread (0x0000000017937000):  VMThread [stack: 0x00000000189c0000,0x0000000018ac0000] [id=35592]

Stack: [0x00000000189c0000,0x0000000018ac0000]
[error occurred during error reporting (printing stack bounds), id 0xc0000005]

Native frames: (J=compiled Java code, j=interpreted, Vv=VM code, C=native code)

VM_Operation (0x000000001940f670): GetOrSetLocal, mode: safepoint, requested by thread 0x0000000017986800


---------------  P R O C E S S  ---------------

Java Threads: ( => current thread )
  0x000000001b273800 JavaThread "Okio Watchdog" daemon [_thread_blocked, id=35636, stack(0x000000001d920000,0x000000001da20000)]
  0x000000001bc77800 JavaThread "Exec Stream Pumper" daemon [_thread_in_native, id=32132, stack(0x000000001d120000,0x000000001d220000)]
  0x000000001b11b000 JavaThread "Exec Stream Pumper" daemon [_thread_in_native, id=35936, stack(0x000000001cdb0000,0x000000001ceb0000)]
  0x000000001a86b800 JavaThread "Exec Default Executor" daemon [_thread_in_native, id=35900, stack(0x000000001cbb0000,0x000000001ccb0000)]
  0x000000001a0cd800 JavaThread "ReaderThread" [_thread_in_native, id=7968, stack(0x000000001a710000,0x000000001a810000)]
  0x00000000179ce800 JavaThread "Service Thread" daemon [_thread_blocked, id=4608, stack(0x0000000019d10000,0x0000000019e10000)]
  0x00000000179a0800 JavaThread "C1 CompilerThread2" daemon [_thread_blocked, id=26372, stack(0x0000000019810000,0x0000000019910000)]
  0x000000001799d000 JavaThread "C2 CompilerThread1" daemon [_thread_blocked, id=3056, stack(0x0000000019710000,0x0000000019810000)]
  0x000000001799b000 JavaThread "C2 CompilerThread0" daemon [_thread_blocked, id=36456, stack(0x0000000019610000,0x0000000019710000)]
  0x000000001798c000 JavaThread "JDWP Command Reader" daemon [_thread_in_native, id=36600, stack(0x0000000019510000,0x0000000019610000)]
  0x000000001798a800 JavaThread "JDWP Event Helper Thread" daemon [_thread_blocked, id=19232, stack(0x0000000019410000,0x0000000019510000)]
  0x0000000017986800 JavaThread "JDWP Transport Listener: dt_socket" daemon [_thread_blocked, id=36472, stack(0x0000000019310000,0x0000000019410000)]
  0x000000001796e000 JavaThread "Attach Listener" daemon [_thread_blocked, id=35628, stack(0x0000000018ed0000,0x0000000018fd0000)]
  0x0000000017979000 JavaThread "Signal Dispatcher" daemon [_thread_blocked, id=35624, stack(0x0000000018dd0000,0x0000000018ed0000)]
  0x000000001795a000 JavaThread "Finalizer" daemon [_thread_blocked, id=36796, stack(0x0000000018bc0000,0x0000000018cc0000)]
  0x0000000017939000 JavaThread "Reference Handler" daemon [_thread_blocked, id=20204, stack(0x0000000018ac0000,0x0000000018bc0000)]
  0x0000000002da4800 JavaThread "main" [_thread_blocked, id=33648, stack(0x0000000002ca0000,0x0000000002da0000)]

Other Threads:
=>0x0000000017937000 VMThread [stack: 0x00000000189c0000,0x0000000018ac0000] [id=35592]
  0x00000000199a1800 WatcherThread [stack: 0x0000000019e10000,0x0000000019f10000] [id=36144]

VM state:at safepoint (normal execution)

VM Mutex/Monitor currently owned by a thread:  ([mutex/lock_event])
[0x0000000002da18d0] Threads_lock - owner thread: 0x0000000017937000

heap address: 0x0000000082200000, size: 2014 MB, Compressed Oops mode: 32-bit
Narrow klass base: 0x0000000000000000, Narrow klass shift: 3
Compressed class space size: 1073741824 Address: 0x0000000100000000

Heap:
 PSYoungGen      total 37888K, used 16054K [0x00000000d6100000, 0x00000000d8b00000, 0x0000000100000000)
  eden space 32768K, 33% used [0x00000000d6100000,0x00000000d6bb5ba0,0x00000000d8100000)
  from space 5120K, 99% used [0x00000000d8600000,0x00000000d8af8050,0x00000000d8b00000)
  to   space 5120K, 0% used [0x00000000d8100000,0x00000000d8100000,0x00000000d8600000)
 ParOldGen       total 86016K, used 3915K [0x0000000082200000, 0x0000000087600000, 0x00000000d6100000)
  object space 86016K, 4% used [0x0000000082200000,0x00000000825d2c60,0x0000000087600000)
 Metaspace       used 19485K, capacity 20212K, committed 20352K, reserved 1067008K
  class space    used 2437K, capacity 2630K, committed 2688K, reserved 1048576K

Card table byte_map: [0x0000000012260000,0x0000000012650000] byte_map_base: 0x0000000011e4f000

Marking Bits: (ParMarkBitMap*) 0x000000005d455ce0
 Begin Bits: [0x0000000012cf0000, 0x0000000014c68000)
 End Bits:   [0x0000000014c68000, 0x0000000016be0000)

Polling page: 0x0000000002c20000

CodeCache: size=245760Kb used=7370Kb max_used=7382Kb free=238389Kb
 bounds [0x0000000002ea0000, 0x00000000035e0000, 0x0000000011ea0000]
 total_blobs=2492 nmethods=2073 adapters=339
 compilation: enabled

Compilation events (10 events):
Event: 20.075 Thread 0x00000000179a0800 nmethod 2069 0x00000000035d4cd0 code [0x00000000035d4e60, 0x00000000035d5208]
Event: 20.075 Thread 0x00000000179a0800 2070       3       java.util.stream.ReferencePipeline$2$1::begin (13 bytes)
Event: 20.075 Thread 0x00000000179a0800 nmethod 2070 0x00000000035cee50 code [0x00000000035cefc0, 0x00000000035cf1e8]
Event: 20.075 Thread 0x00000000179a0800 2072       1       okhttp3.internal.http.RealInterceptorChain::request (5 bytes)
Event: 20.075 Thread 0x00000000179a0800 nmethod 2072 0x00000000035d5450 code [0x00000000035d55a0, 0x00000000035d56b0]
Event: 20.075 Thread 0x00000000179a0800 2073       1       okhttp3.Request::url (5 bytes)
Event: 20.076 Thread 0x00000000179a0800 nmethod 2073 0x00000000035d5710 code [0x00000000035d5860, 0x00000000035d5970]
Event: 20.076 Thread 0x00000000179a0800 2071       1       com.google.common.collect.AbstractMapBasedMultimap::size (5 bytes)
Event: 20.076 Thread 0x00000000179a0800 nmethod 2071 0x00000000035d59d0 code [0x00000000035d5b20, 0x00000000035d5c30]
Event: 20.076 Thread 0x000000001799d000 nmethod 2065 0x00000000035d8b90 code [0x00000000035d8ce0, 0x00000000035d8fb8]

GC Heap History (4 events):
Event: 3.149 GC heap before
{Heap before GC invocations=1 (full 0):
 PSYoungGen      total 37888K, used 32768K [0x00000000d6100000, 0x00000000d8b00000, 0x0000000100000000)
  eden space 32768K, 100% used [0x00000000d6100000,0x00000000d8100000,0x00000000d8100000)
  from space 5120K, 0% used [0x00000000d8600000,0x00000000d8600000,0x00000000d8b00000)
  to   space 5120K, 0% used [0x00000000d8100000,0x00000000d8100000,0x00000000d8600000)
 ParOldGen       total 86016K, used 0K [0x0000000082200000, 0x0000000087600000, 0x00000000d6100000)
  object space 86016K, 0% used [0x0000000082200000,0x0000000082200000,0x0000000087600000)
 Metaspace       used 11170K, capacity 11222K, committed 11392K, reserved 1058816K
  class space    used 1319K, capacity 1329K, committed 1408K, reserved 1048576K
Event: 3.160 GC heap after
Heap after GC invocations=1 (full 0):
 PSYoungGen      total 37888K, used 5092K [0x00000000d6100000, 0x00000000d8b00000, 0x0000000100000000)
  eden space 32768K, 0% used [0x00000000d6100000,0x00000000d6100000,0x00000000d8100000)
  from space 5120K, 99% used [0x00000000d8100000,0x00000000d85f9118,0x00000000d8600000)
  to   space 5120K, 0% used [0x00000000d8600000,0x00000000d8600000,0x00000000d8b00000)
 ParOldGen       total 86016K, used 1558K [0x0000000082200000, 0x0000000087600000, 0x00000000d6100000)
  object space 86016K, 1% used [0x0000000082200000,0x0000000082385908,0x0000000087600000)
 Metaspace       used 11170K, capacity 11222K, committed 11392K, reserved 1058816K
  class space    used 1319K, capacity 1329K, committed 1408K, reserved 1048576K
}
Event: 5.702 GC heap before
{Heap before GC invocations=2 (full 0):
 PSYoungGen      total 37888K, used 37860K [0x00000000d6100000, 0x00000000d8b00000, 0x0000000100000000)
  eden space 32768K, 100% used [0x00000000d6100000,0x00000000d8100000,0x00000000d8100000)
  from space 5120K, 99% used [0x00000000d8100000,0x00000000d85f9118,0x00000000d8600000)
  to   space 5120K, 0% used [0x00000000d8600000,0x00000000d8600000,0x00000000d8b00000)
 ParOldGen       total 86016K, used 1558K [0x0000000082200000, 0x0000000087600000, 0x00000000d6100000)
  object space 86016K, 1% used [0x0000000082200000,0x0000000082385908,0x0000000087600000)
 Metaspace       used 17755K, capacity 18410K, committed 18560K, reserved 1064960K
  class space    used 2220K, capacity 2401K, committed 2432K, reserved 1048576K
Event: 5.714 GC heap after
Heap after GC invocations=2 (full 0):
 PSYoungGen      total 37888K, used 5088K [0x00000000d6100000, 0x00000000d8b00000, 0x0000000100000000)
  eden space 32768K, 0% used [0x00000000d6100000,0x00000000d6100000,0x00000000d8100000)
  from space 5120K, 99% used [0x00000000d8600000,0x00000000d8af8050,0x00000000d8b00000)
  to   space 5120K, 0% used [0x00000000d8100000,0x00000000d8100000,0x00000000d8600000)
 ParOldGen       total 86016K, used 3915K [0x0000000082200000, 0x0000000087600000, 0x00000000d6100000)
  object space 86016K, 4% used [0x0000000082200000,0x00000000825d2c60,0x0000000087600000)
 Metaspace       used 17755K, capacity 18410K, committed 18560K, reserved 1064960K
  class space    used 2220K, capacity 2401K, committed 2432K, reserved 1048576K
}

Deoptimization events (10 events):
Event: 5.653 Thread 0x0000000002da4800 Uncommon trap: reason=class_check action=maybe_recompile pc=0x000000000323c5c4 method=java.util.regex.Pattern$Curly.match(Ljava/util/regex/Matcher;ILjava/lang/CharSequence;)Z @ 19
Event: 5.681 Thread 0x0000000002da4800 Uncommon trap: reason=class_check action=maybe_recompile pc=0x000000000338b1bc method=java.util.regex.Matcher.search(I)Z @ 86
Event: 5.681 Thread 0x0000000002da4800 Uncommon trap: reason=class_check action=maybe_recompile pc=0x000000000323c5c4 method=java.util.regex.Pattern$Curly.match(Ljava/util/regex/Matcher;ILjava/lang/CharSequence;)Z @ 19
Event: 5.682 Thread 0x0000000002da4800 Uncommon trap: reason=class_check action=maybe_recompile pc=0x000000000323c5c4 method=java.util.regex.Pattern$Curly.match(Ljava/util/regex/Matcher;ILjava/lang/CharSequence;)Z @ 19
Event: 5.865 Thread 0x0000000002da4800 Uncommon trap: reason=unstable_if action=reinterpret pc=0x000000000323b4d0 method=java.util.regex.Pattern$BmpCharProperty.match(Ljava/util/regex/Matcher;ILjava/lang/CharSequence;)Z @ 34
Event: 11.319 Thread 0x0000000002da4800 Uncommon trap: reason=unstable_if action=reinterpret pc=0x0000000003551614 method=java.util.concurrent.ConcurrentHashMap.putVal(Ljava/lang/Object;Ljava/lang/Object;Z)Ljava/lang/Object; @ 181
Event: 19.955 Thread 0x0000000002da4800 Uncommon trap: reason=unstable_if action=reinterpret pc=0x00000000035258f0 method=java.lang.Character.isHighSurrogate(C)Z @ 3
Event: 19.958 Thread 0x0000000002da4800 Uncommon trap: reason=unstable_if action=reinterpret pc=0x000000000324e91c method=java.lang.Character.isHighSurrogate(C)Z @ 3
Event: 19.959 Thread 0x0000000002da4800 Uncommon trap: reason=unstable_if action=reinterpret pc=0x0000000003050774 method=sun.nio.cs.UTF_8$Encoder.encode([CII[B)I @ 33
Event: 19.995 Thread 0x0000000002da4800 Uncommon trap: reason=unstable_if action=reinterpret pc=0x0000000003252c10 method=java.lang.Character.isHighSurrogate(C)Z @ 3

Classes redefined (5 events):
Event: 1728.493 Thread 0x0000000017937000 redefined class name=TechChallenge.userStory2, count=1
Event: 1936.604 Thread 0x0000000017937000 redefined class name=TechChallenge.userStory2, count=2
Event: 2057.703 Thread 0x0000000017937000 redefined class name=TechChallenge.userStory2, count=3
Event: 2288.999 Thread 0x0000000017937000 redefined class name=TechChallenge.userStory2, count=4
Event: 2322.446 Thread 0x0000000017937000 redefined class name=TechChallenge.userStory2, count=5

Internal exceptions (10 events):
Event: 19.710 Thread 0x0000000002da4800 Exception <a 'java/net/SocketTimeoutException': Read timed out> (0x00000000d6a7e920) thrown at [C:\re\workspace\8-2-build-windows-amd64-cygwin\jdk8u221\13320\hotspot\src\share\vm\prims\jni.cpp, line 736]
Event: 19.932 Thread 0x0000000002da4800 Exception <a 'java/net/SocketTimeoutException': Read timed out> (0x00000000d6a917e0) thrown at [C:\re\workspace\8-2-build-windows-amd64-cygwin\jdk8u221\13320\hotspot\src\share\vm\prims\jni.cpp, line 736]
Event: 19.949 Thread 0x0000000002da4800 Exception <a 'java/lang/NoSuchMethodError': java.lang.Object.lambda$codePoints$1()Ljava/util/Spliterator$OfInt;> (0x00000000d6aa56b0) thrown at [C:\re\workspace\8-2-build-windows-amd64-cygwin\jdk8u221\13320\hotspot\src\share\vm\interpreter\linkResolver.cp
Event: 19.960 Thread 0x0000000002da4800 Exception <a 'java/net/SocketTimeoutException': Read timed out> (0x00000000d6ac37d8) thrown at [C:\re\workspace\8-2-build-windows-amd64-cygwin\jdk8u221\13320\hotspot\src\share\vm\prims\jni.cpp, line 736]
Event: 19.981 Thread 0x0000000002da4800 Exception <a 'java/net/SocketTimeoutException': Read timed out> (0x00000000d6ad6f58) thrown at [C:\re\workspace\8-2-build-windows-amd64-cygwin\jdk8u221\13320\hotspot\src\share\vm\prims\jni.cpp, line 736]
Event: 19.999 Thread 0x0000000002da4800 Exception <a 'java/net/SocketTimeoutException': Read timed out> (0x00000000d6af1e88) thrown at [C:\re\workspace\8-2-build-windows-amd64-cygwin\jdk8u221\13320\hotspot\src\share\vm\prims\jni.cpp, line 736]
Event: 20.020 Thread 0x0000000002da4800 Exception <a 'java/net/SocketTimeoutException': Read timed out> (0x00000000d6b04d48) thrown at [C:\re\workspace\8-2-build-windows-amd64-cygwin\jdk8u221\13320\hotspot\src\share\vm\prims\jni.cpp, line 736]
Event: 20.036 Thread 0x0000000002da4800 Exception <a 'java/net/SocketTimeoutException': Read timed out> (0x00000000d6b1fc78) thrown at [C:\re\workspace\8-2-build-windows-amd64-cygwin\jdk8u221\13320\hotspot\src\share\vm\prims\jni.cpp, line 736]
Event: 20.058 Thread 0x0000000002da4800 Exception <a 'java/net/SocketTimeoutException': Read timed out> (0x00000000d6b32b38) thrown at [C:\re\workspace\8-2-build-windows-amd64-cygwin\jdk8u221\13320\hotspot\src\share\vm\prims\jni.cpp, line 736]
Event: 20.075 Thread 0x0000000002da4800 Exception <a 'java/net/SocketTimeoutException': Read timed out> (0x00000000d6b4da68) thrown at [C:\re\workspace\8-2-build-windows-amd64-cygwin\jdk8u221\13320\hotspot\src\share\vm\prims\jni.cpp, line 736]

Events (10 events):
Event: 2322.635 Executing VM operation: GetOrSetLocal done
Event: 2322.635 Executing VM operation: GetOrSetLocal
Event: 2322.636 Executing VM operation: GetOrSetLocal done
Event: 2322.636 Executing VM operation: GetOrSetLocal
Event: 2322.636 Executing VM operation: GetOrSetLocal done
Event: 2322.637 Executing VM operation: GetOrSetLocal
Event: 2322.637 Executing VM operation: GetOrSetLocal done
Event: 2322.638 Executing VM operation: GetOrSetLocal
Event: 2322.638 Executing VM operation: GetOrSetLocal done
Event: 2334.190 Executing VM operation: GetOrSetLocal


Dynamic libraries:
0x00007ff6768f0000 - 0x00007ff676927000 	C:\Program Files\Java\jre1.8.0_221\bin\javaw.exe
0x00007ff92e940000 - 0x00007ff92eb30000 	C:\WINDOWS\SYSTEM32\ntdll.dll
0x00007ff92d8f0000 - 0x00007ff92d9a2000 	C:\WINDOWS\System32\KERNEL32.DLL
0x00007ff92bc40000 - 0x00007ff92bee3000 	C:\WINDOWS\System32\KERNELBASE.dll
0x00007ff92e5c0000 - 0x00007ff92e663000 	C:\WINDOWS\System32\ADVAPI32.dll
0x00007ff92e520000 - 0x00007ff92e5be000 	C:\WINDOWS\System32\msvcrt.dll
0x00007ff92d3c0000 - 0x00007ff92d457000 	C:\WINDOWS\System32\sechost.dll
0x00007ff92ce20000 - 0x00007ff92cf40000 	C:\WINDOWS\System32\RPCRT4.dll
0x00007ff92e670000 - 0x00007ff92e804000 	C:\WINDOWS\System32\USER32.dll
0x00007ff92c9c0000 - 0x00007ff92c9e1000 	C:\WINDOWS\System32\win32u.dll
0x00007ff92d390000 - 0x00007ff92d3b6000 	C:\WINDOWS\System32\GDI32.dll
0x00007ff92bff0000 - 0x00007ff92c184000 	C:\WINDOWS\System32\gdi32full.dll
0x00007ff92bb20000 - 0x00007ff92bbbe000 	C:\WINDOWS\System32\msvcp_win.dll
0x00007ff92bef0000 - 0x00007ff92bfea000 	C:\WINDOWS\System32\ucrtbase.dll
0x00007ff918390000 - 0x00007ff918615000 	C:\WINDOWS\WinSxS\amd64_microsoft.windows.common-controls_6595b64144ccf1df_6.0.18362.720_none_e6beb5c51314836b\COMCTL32.dll
0x00007ff92cad0000 - 0x00007ff92ce06000 	C:\WINDOWS\System32\combase.dll
0x00007ff92bbc0000 - 0x00007ff92bc40000 	C:\WINDOWS\System32\bcryptPrimitives.dll
0x00007ff92d080000 - 0x00007ff92d0ae000 	C:\WINDOWS\System32\IMM32.DLL
0x000000005c900000 - 0x000000005c9d2000 	C:\Program Files\Java\jre1.8.0_221\bin\msvcr100.dll
0x000000005cc30000 - 0x000000005d4d5000 	C:\Program Files\Java\jre1.8.0_221\bin\server\jvm.dll
0x00007ff92e8f0000 - 0x00007ff92e8f8000 	C:\WINDOWS\System32\PSAPI.DLL
0x00007ff928e80000 - 0x00007ff928ea4000 	C:\WINDOWS\SYSTEM32\WINMM.dll
0x00007ff91e080000 - 0x00007ff91e08a000 	C:\WINDOWS\SYSTEM32\VERSION.dll
0x00007ff928d50000 - 0x00007ff928d7d000 	C:\WINDOWS\SYSTEM32\WINMMBASE.dll
0x00007ff92bad0000 - 0x00007ff92bb1a000 	C:\WINDOWS\System32\cfgmgr32.dll
0x00007ff919c60000 - 0x00007ff919c69000 	C:\WINDOWS\SYSTEM32\WSOCK32.dll
0x00007ff92db10000 - 0x00007ff92db7f000 	C:\WINDOWS\System32\WS2_32.dll
0x00007ff925920000 - 0x00007ff92592f000 	C:\Program Files\Java\jre1.8.0_221\bin\verify.dll
0x00007ff922c90000 - 0x00007ff922cb9000 	C:\Program Files\Java\jre1.8.0_221\bin\java.dll
0x00007ff8fd180000 - 0x00007ff8fd1b5000 	C:\Program Files\Java\jre1.8.0_221\bin\jdwp.dll
0x00007ff9275a0000 - 0x00007ff9275a8000 	C:\Program Files\Java\jre1.8.0_221\bin\npt.dll
0x00007ff922dc0000 - 0x00007ff922dd6000 	C:\Program Files\Java\jre1.8.0_221\bin\zip.dll
0x00007ff92dbf0000 - 0x00007ff92e2d5000 	C:\WINDOWS\System32\SHELL32.dll
0x00007ff92da60000 - 0x00007ff92db09000 	C:\WINDOWS\System32\shcore.dll
0x00007ff92c190000 - 0x00007ff92c910000 	C:\WINDOWS\System32\windows.storage.dll
0x00007ff92b8a0000 - 0x00007ff92b8c3000 	C:\WINDOWS\System32\profapi.dll
0x00007ff92b850000 - 0x00007ff92b89a000 	C:\WINDOWS\System32\powrprof.dll
0x00007ff92b800000 - 0x00007ff92b810000 	C:\WINDOWS\System32\UMPDC.dll
0x00007ff92d330000 - 0x00007ff92d382000 	C:\WINDOWS\System32\shlwapi.dll
0x00007ff92b830000 - 0x00007ff92b841000 	C:\WINDOWS\System32\kernel.appcore.dll
0x00007ff92ba20000 - 0x00007ff92ba37000 	C:\WINDOWS\System32\cryptsp.dll
0x00007ff927590000 - 0x00007ff927599000 	C:\Program Files\Java\jre1.8.0_221\bin\dt_socket.dll
0x00007ff90ec10000 - 0x00007ff90ec26000 	C:\WINDOWS\system32\napinsp.dll
0x00007ff8ff040000 - 0x00007ff8ff05a000 	C:\WINDOWS\system32\pnrpnsp.dll
0x00007ff92b070000 - 0x00007ff92b0d7000 	C:\WINDOWS\System32\mswsock.dll
0x00007ff92ae10000 - 0x00007ff92aeda000 	C:\WINDOWS\SYSTEM32\DNSAPI.dll
0x00007ff92c9f0000 - 0x00007ff92c9f8000 	C:\WINDOWS\System32\NSI.dll
0x00007ff92ad80000 - 0x00007ff92adba000 	C:\WINDOWS\SYSTEM32\IPHLPAPI.DLL
0x00007ff919c00000 - 0x00007ff919c0e000 	C:\WINDOWS\System32\winrnr.dll
0x00007ff927800000 - 0x00007ff92781c000 	C:\WINDOWS\system32\NLAapi.dll
0x00007ff909650000 - 0x00007ff909665000 	C:\WINDOWS\system32\wshbth.dll
0x00007ff91f370000 - 0x00007ff91f3e7000 	C:\WINDOWS\System32\fwpuclnt.dll
0x00007ff92baa0000 - 0x00007ff92bac6000 	C:\WINDOWS\System32\bcrypt.dll
0x00007ff91ddf0000 - 0x00007ff91ddfa000 	C:\Windows\System32\rasadhlp.dll
0x00007ff922d30000 - 0x00007ff922d4a000 	C:\Program Files\Java\jre1.8.0_221\bin\net.dll
0x00007ff91edc0000 - 0x00007ff91ef95000 	C:\WINDOWS\SYSTEM32\urlmon.dll
0x00007ff91acc0000 - 0x00007ff91af66000 	C:\WINDOWS\SYSTEM32\iertutil.dll
0x00007ff92b240000 - 0x00007ff92b24c000 	C:\WINDOWS\SYSTEM32\CRYPTBASE.DLL
0x00007ff92ab80000 - 0x00007ff92abb3000 	C:\WINDOWS\system32\rsaenh.dll
0x00007ff92b720000 - 0x00007ff92b745000 	C:\WINDOWS\SYSTEM32\USERENV.dll
0x00007ff923540000 - 0x00007ff923556000 	C:\WINDOWS\SYSTEM32\dhcpcsvc6.DLL
0x00007ff923610000 - 0x00007ff92362c000 	C:\WINDOWS\SYSTEM32\dhcpcsvc.DLL
0x00007ff922c20000 - 0x00007ff922c32000 	C:\Program Files\Java\jre1.8.0_221\bin\nio.dll
0x00007ff9199f0000 - 0x00007ff919a14000 	C:\Program Files\Java\jre1.8.0_221\bin\sunec.dll
0x00007ff922d70000 - 0x00007ff922d7b000 	C:\Program Files\Java\jre1.8.0_221\bin\sunmscapi.dll
0x00007ff92b8d0000 - 0x00007ff92ba19000 	C:\WINDOWS\System32\CRYPT32.dll
0x00007ff92b810000 - 0x00007ff92b822000 	C:\WINDOWS\System32\MSASN1.dll

VM Arguments:
jvm_args: -agentlib:jdwp=transport=dt_socket,suspend=y,address=localhost:57006 -ea -Dfile.encoding=Cp1252 
java_command: org.testng.remote.RemoteTestNG -serport 57005 -protocol json -d C:\Users\KriA\Project\test-output C:\Users\KriA\AppData\Local\Temp\testng-eclipse-1730747915\testng-customsuite.xml
java_class_path (initial): C:\Users\KriA\Sayani_Selenium\eclipse\plugins\org.testng.eclipse_6.10.0.201612030230\lib\testng-remote.jar;C:\Users\KriA\Project\target\test-classes;C:\Users\KriA\Project\target\classes;C:\Users\KriA\.m2\repository\junit\junit\3.8.1\junit-3.8.1.jar;C:\Users\KriA\Sayani_Selenium\eclipse\plugins\org.testng.eclipse_6.10.0.201612030230\lib\testng.jar;C:\Users\KriA\Sayani_Selenium\eclipse\plugins\org.testng.eclipse_6.10.0.201612030230\lib\jcommander.jar;C:\Users\KriA\Sayani_Selenium\eclipse\plugins\org.testng.eclipse_6.10.0.201612030230\lib\bsh-2.0b4.jar;C:\Users\KriA\Sayani_Selenium\eclipse\plugins\org.testng.eclipse_6.10.0.201612030230\lib\snakeyaml.jar;C:\Users\KriA\.m2\repository\org\seleniumhq\selenium\selenium-java\3.141.59\selenium-java-3.141.59.jar;C:\Users\KriA\.m2\repository\org\seleniumhq\selenium\selenium-api\3.141.59\selenium-api-3.141.59.jar;C:\Users\KriA\.m2\repository\org\seleniumhq\selenium\selenium-chrome-driver\3.141.59\selenium-chrome-driver-3.141.59.jar;C:\Users\KriA\.m2\repository\org\seleniumhq\selenium\selenium-edge-driver\3.141.59\selenium-edge-driver-3.141.59.jar;C:\Users\KriA\.m2\repository\org\seleniumhq\selenium\selenium-firefox-driver\3.141.59\selenium-firefox-driver-3.141.59.jar;C:\Users\KriA\.m2\repository\org\seleniumhq\selenium\selenium-ie-driver\3.141.59\selenium-ie-driver-3.141.59.jar;C:\Users\KriA\.m2\repository\org\seleniumhq\selenium\selenium-opera-driver\3.141.59\selenium-opera-driver-3.141.59.jar;C:\Users\KriA\.m2\repository\org\seleniumhq\selenium\selenium-remote-driver\3.141.59\selenium-remote-driver-3.141.59.jar;C:\Users\KriA\.m2\repository\org\seleniumhq\selenium\selenium-safari-driver\3.141.59\selenium-safari-driver-3.141.59.jar;C:\Users\KriA\.m2\repository\org\seleniumhq\selenium\selenium-support\3.141.59\selenium-support-3.141.59.jar;C:\Users\KriA\.m2\repository\net\bytebuddy\byte-buddy\1.8.15\byte-buddy-1.8.15.jar;C:\Users\KriA\.m2\repository\org\apache\commons\commons-exec\1.3\commons-exec-1.3
Launcher Type: SUN_STANDARD

Environment Variables:
JAVA_HOME=C:\Program Files\Java\jdk1.8.0_221
PATH=C:/Program Files/Java/jre1.8.0_221/bin/server;C:/Program Files/Java/jre1.8.0_221/bin;C:/Program Files/Java/jre1.8.0_221/lib/amd64;C:\Program Files (x86)\Common Files\Oracle\Java\javapath;C:\Program Files (x86)\Intel\iCLS Client\;C:\Program Files\Intel\iCLS Client\;C:\WINDOWS\system32;C:\WINDOWS;C:\WINDOWS\System32\Wbem;C:\WINDOWS\System32\WindowsPowerShell\v1.0\;C:\WINDOWS\System32\OpenSSH\;C:\Program Files (x86)\Intel\Intel(R) Management Engine Components\DAL;C:\Program Files\Intel\Intel(R) Management Engine Components\DAL;C:\Program Files (x86)\Intel\Intel(R) Management Engine Components\IPT;C:\Program Files\Intel\Intel(R) Management Engine Components\IPT;C:\Program Files\Java\jdk-12.0.2\bin;C:\WORK\apache-maven-3.6.2\bin;C:\Program Files\Java\jdk1.8.0_221\bin;C:\Program Files\Intel\WiFi\bin\;C:\Program Files\Common Files\Intel\WirelessCommon\;C:\Users\KriA\AppData\Local\Microsoft\WindowsApps;;C:\Users\KriA\Sayani_Selenium\eclipse;
USERNAME=KriA
OS=Windows_NT
PROCESSOR_IDENTIFIER=Intel64 Family 6 Model 78 Stepping 3, GenuineIntel



---------------  S Y S T E M  ---------------

OS: Windows 10.0 , 64 bit Build 18362 (10.0.18362.329)

CPU:total 4 (initial active 4) (2 cores per cpu, 2 threads per core) family 6 model 78 stepping 3, cmov, cx8, fxsr, mmx, sse, sse2, sse3, ssse3, sse4.1, sse4.2, popcnt, avx, avx2, aes, clmul, erms, 3dnowpref, lzcnt, ht, tsc, tscinvbit, bmi1, bmi2, adx

Memory: 4k page, physical 8246288k(2031492k free), swap 15979512k(3317416k free)

vm_info: Java HotSpot(TM) 64-Bit Server VM (25.221-b11) for windows-amd64 JRE (1.8.0_221-b11), built on Jul  4 2019 04:39:29 by "java_re" with MS VC++ 10.0 (VS2010)

time: Tue Apr 07 10:58:05 2020
timezone: Malay Peninsula Standard Time
elapsed time: 2334 seconds (0d 0h 38m 54s)

